c:\users\coelh\source\repos\2048\x64\debug\vc143.pdb
c:\users\coelh\source\repos\2048\x64\debug\vc143.idb
c:\users\coelh\source\repos\2048\x64\debug\2048.obj
c:\users\coelh\source\repos\2048\x64\debug\2048.pdb
c:\users\coelh\source\repos\2048\x64\debug\2048.tlog\cl.command.1.tlog
c:\users\coelh\source\repos\2048\x64\debug\2048.tlog\cl.items.tlog
c:\users\coelh\source\repos\2048\x64\debug\2048.tlog\cl.read.1.tlog
c:\users\coelh\source\repos\2048\x64\debug\2048.tlog\cl.write.1.tlog
c:\users\coelh\source\repos\2048\x64\debug\2048.tlog\link.73588-cvtres.read.1.tlog
c:\users\coelh\source\repos\2048\x64\debug\2048.tlog\link.73588-cvtres.write.1.tlog
c:\users\coelh\source\repos\2048\x64\debug\2048.tlog\link.73588-rc.read.1.tlog
c:\users\coelh\source\repos\2048\x64\debug\2048.tlog\link.73588-rc.write.1.tlog
c:\users\coelh\source\repos\2048\x64\debug\2048.tlog\link.73588.read.1.tlog
c:\users\coelh\source\repos\2048\x64\debug\2048.tlog\link.73588.read.2.tlog
c:\users\coelh\source\repos\2048\x64\debug\2048.tlog\link.73588.read.3.tlog
c:\users\coelh\source\repos\2048\x64\debug\2048.tlog\link.73588.read.4.tlog
c:\users\coelh\source\repos\2048\x64\debug\2048.tlog\link.73588.write.1.tlog
c:\users\coelh\source\repos\2048\x64\debug\2048.tlog\link.command.1.tlog
c:\users\coelh\source\repos\2048\x64\debug\2048.tlog\link.read.1.tlog
c:\users\coelh\source\repos\2048\x64\debug\2048.tlog\link.write.1.tlog
